0 info it worked if it ends with ok
1 verbose cli [ 'D:\\Program Files\\nodejs\\node.exe',
1 verbose cli   'D:\\Program Files\\nodejs\\node_modules\\npm\\bin\\npm-cli.js',
1 verbose cli   'install',
1 verbose cli   'jstransformer-coffee' ]
2 info using npm@2.14.7
3 info using node@v4.2.1
4 verbose install initial load of F:\javascript-template\jade\package.json
5 verbose installManyTop reading scoped package data from F:\javascript-template\jade\node_modules\babel-core\package.json
6 verbose installManyTop reading scoped package data from F:\javascript-template\jade\node_modules\babel-preset-es2015\package.json
7 verbose installManyTop reading scoped package data from F:\javascript-template\jade\node_modules\babel-preset-react\package.json
8 verbose installManyTop reading scoped package data from F:\javascript-template\jade\node_modules\clean-css\package.json
9 verbose installManyTop reading scoped package data from F:\javascript-template\jade\node_modules\jade\package.json
10 verbose installManyTop reading scoped package data from F:\javascript-template\jade\node_modules\jade-babel\package.json
11 verbose installManyTop reading scoped package data from F:\javascript-template\jade\node_modules\jstransformer\package.json
12 verbose installManyTop reading scoped package data from F:\javascript-template\jade\node_modules\jstransformer-babel\package.json
13 verbose installManyTop reading scoped package data from F:\javascript-template\jade\node_modules\jstransformer-coffee-script\package.json
14 verbose installManyTop reading scoped package data from F:\javascript-template\jade\node_modules\jstransformer-to-markdown\package.json
15 verbose installManyTop reading scoped package data from F:\javascript-template\jade\node_modules\npm-debug.log\package.json
16 verbose installManyTop reading scoped package data from F:\javascript-template\jade\node_modules\uglify-js\package.json
17 verbose readDependencies loading dependencies from F:\javascript-template\jade\package.json
18 silly cache add args [ 'jstransformer-coffee', null ]
19 verbose cache add spec jstransformer-coffee
20 silly cache add parsed spec Result {
20 silly cache add   raw: 'jstransformer-coffee',
20 silly cache add   scope: null,
20 silly cache add   name: 'jstransformer-coffee',
20 silly cache add   rawSpec: '',
20 silly cache add   spec: '*',
20 silly cache add   type: 'range' }
21 silly addNamed jstransformer-coffee@*
22 verbose addNamed "*" is a valid semver range for jstransformer-coffee
23 silly addNameRange { name: 'jstransformer-coffee', range: '*', hasData: false }
24 silly mapToRegistry name jstransformer-coffee
25 silly mapToRegistry using default registry
26 silly mapToRegistry registry https://registry.npmjs.org/
27 silly mapToRegistry uri https://registry.npmjs.org/jstransformer-coffee
28 verbose addNameRange registry:https://registry.npmjs.org/jstransformer-coffee not in flight; fetching
29 verbose request uri https://registry.npmjs.org/jstransformer-coffee
30 verbose request no auth needed
31 info attempt registry request try #1 at 18:24:34
32 verbose request using bearer token for auth
33 verbose request id 122519f55171a45f
34 http request GET https://registry.npmjs.org/jstransformer-coffee
35 http 404 https://registry.npmjs.org/jstransformer-coffee
36 verbose headers { 'content-type': 'application/json',
36 verbose headers   'cache-control': 'max-age=0',
36 verbose headers   'content-length': '2',
36 verbose headers   'accept-ranges': 'bytes',
36 verbose headers   date: 'Tue, 23 Aug 2016 10:24:34 GMT',
36 verbose headers   via: '1.1 varnish',
36 verbose headers   connection: 'keep-alive',
36 verbose headers   'x-served-by': 'cache-hkg6823-HKG',
36 verbose headers   'x-cache': 'MISS',
36 verbose headers   'x-cache-hits': '0',
36 verbose headers   'x-timer': 'S1471947874.756166,VS0,VE204',
36 verbose headers   vary: 'Accept-Encoding' }
37 silly get cb [ 404,
37 silly get   { 'content-type': 'application/json',
37 silly get     'cache-control': 'max-age=0',
37 silly get     'content-length': '2',
37 silly get     'accept-ranges': 'bytes',
37 silly get     date: 'Tue, 23 Aug 2016 10:24:34 GMT',
37 silly get     via: '1.1 varnish',
37 silly get     connection: 'keep-alive',
37 silly get     'x-served-by': 'cache-hkg6823-HKG',
37 silly get     'x-cache': 'MISS',
37 silly get     'x-cache-hits': '0',
37 silly get     'x-timer': 'S1471947874.756166,VS0,VE204',
37 silly get     vary: 'Accept-Encoding' } ]
38 verbose stack Error: Registry returned 404 for GET on https://registry.npmjs.org/jstransformer-coffee
38 verbose stack     at makeError (D:\Program Files\nodejs\node_modules\npm\node_modules\npm-registry-client\lib\request.js:264:12)
38 verbose stack     at CachingRegistryClient.<anonymous> (D:\Program Files\nodejs\node_modules\npm\node_modules\npm-registry-client\lib\request.js:242:14)
38 verbose stack     at Request._callback (D:\Program Files\nodejs\node_modules\npm\node_modules\npm-registry-client\lib\request.js:172:14)
38 verbose stack     at Request.self.callback (D:\Program Files\nodejs\node_modules\npm\node_modules\request\request.js:198:22)
38 verbose stack     at emitTwo (events.js:87:13)
38 verbose stack     at Request.emit (events.js:172:7)
38 verbose stack     at Request.<anonymous> (D:\Program Files\nodejs\node_modules\npm\node_modules\request\request.js:1063:14)
38 verbose stack     at emitOne (events.js:82:20)
38 verbose stack     at Request.emit (events.js:169:7)
38 verbose stack     at IncomingMessage.<anonymous> (D:\Program Files\nodejs\node_modules\npm\node_modules\request\request.js:1009:12)
39 verbose statusCode 404
40 verbose pkgid jstransformer-coffee
41 verbose cwd F:\javascript-template\jade\js
42 error Windows_NT 6.1.7600
43 error argv "D:\\Program Files\\nodejs\\node.exe" "D:\\Program Files\\nodejs\\node_modules\\npm\\bin\\npm-cli.js" "install" "jstransformer-coffee"
44 error node v4.2.1
45 error npm  v2.14.7
46 error code E404
47 error 404 Registry returned 404 for GET on https://registry.npmjs.org/jstransformer-coffee
47 error 404
47 error 404 'jstransformer-coffee' is not in the npm registry.
47 error 404 You should bug the author to publish it (or use the name yourself!)
47 error 404
47 error 404 Note that you can also install from a
47 error 404 tarball, folder, http url, or git url.
48 verbose exit [ 1, true ]
